<?xml version="1.0" encoding="UTF-8"?>
<!-- Generated by org.testng.reporters.JUnitXMLReporter -->
<testsuite ignored="3" hostname="DESKTOP-648C6TK" failures="1" tests="2" name="Branch_Booking_Test" time="41.332" errors="0" timestamp="2024-04-30T18:36:10 IST">
  <testcase classname="JaintTravels.testCases.LoginPageTest" name="login" time="38.716"/>
  <testcase classname="JaintTravels.testCases.LoginPageTest" name="Branch_Type_Booking" time="1.196">
    <failure type="java.lang.IndexOutOfBoundsException" message="Index 2 out of bounds for length 2">
      <![CDATA[java.lang.IndexOutOfBoundsException: Index 2 out of bounds for length 2
at java.base/jdk.internal.util.Preconditions.outOfBounds(Preconditions.java:64)
at java.base/jdk.internal.util.Preconditions.outOfBoundsCheckIndex(Preconditions.java:70)
at java.base/jdk.internal.util.Preconditions.checkIndex(Preconditions.java:266)
at java.base/java.util.Objects.checkIndex(Objects.java:361)
at java.base/java.util.ArrayList.get(ArrayList.java:427)
at org.openqa.selenium.support.pagefactory.internal.LocatingElementListHandler.invoke(LocatingElementListHandler.java:39)
at jdk.proxy2/jdk.proxy2.$Proxy17.get(Unknown Source)
at Jaintravels.pageObjects.BookingPage.clickSeat(BookingPage.java:87)
at JaintTravels.testCases.LoginPageTest.Branch_Type_Booking(LoginPageTest.java:65)
at java.base/java.util.ArrayList.forEach(ArrayList.java:1511)
... Removed 31 stack frames]]>
    </failure>
  </testcase> <!-- Branch_Type_Booking -->
  <testcase classname="JaintTravels.testCases.LoginPageTest" name="Online_Type_Booking" time="0.0">
    <ignored/>
  </testcase> <!-- Online_Type_Booking -->
  <testcase classname="JaintTravels.testCases.LoginPageTest" name="Offline_Type_Booking" time="0.0">
    <ignored/>
  </testcase> <!-- Offline_Type_Booking -->
  <testcase classname="JaintTravels.testCases.LoginPageTest" name="Walkin_Type_Booking" time="0.0">
    <ignored/>
  </testcase> <!-- Walkin_Type_Booking -->
</testsuite> <!-- Branch_Booking_Test -->
