<?xml version="1.0" encoding="UTF-8"?>
<!-- Generated by org.testng.reporters.JUnitXMLReporter -->
<testsuite ignored="3" hostname="DESKTOP-648C6TK" failures="0" tests="2" name="Offline_Booking_Test" time="33.178" errors="0" timestamp="2024-04-30T18:35:29 IST">
  <testcase classname="JaintTravels.testCases.LoginPageTest" name="login" time="28.27"/>
  <testcase classname="JaintTravels.testCases.LoginPageTest" name="Offline_Type_Booking" time="3.481"/>
  <testcase classname="JaintTravels.testCases.LoginPageTest" name="Branch_Type_Booking" time="0.0">
    <ignored/>
  </testcase> <!-- Branch_Type_Booking -->
  <testcase classname="JaintTravels.testCases.LoginPageTest" name="Walkin_Type_Booking" time="0.0">
    <ignored/>
  </testcase> <!-- Walkin_Type_Booking -->
  <testcase classname="JaintTravels.testCases.LoginPageTest" name="Online_Type_Booking" time="0.0">
    <ignored/>
  </testcase> <!-- Online_Type_Booking -->
</testsuite> <!-- Offline_Booking_Test -->
