<?xml version="1.0" encoding="UTF-8"?>
<!-- Generated by org.testng.reporters.JUnitXMLReporter -->
<testsuite ignored="3" hostname="DESKTOP-648C6TK" failures="0" tests="2" name="Online_Booking_Test" time="34.347" errors="0" timestamp="2024-04-30T18:34:56 IST">
  <testcase classname="JaintTravels.testCases.LoginPageTest" name="login" time="28.512"/>
  <testcase classname="JaintTravels.testCases.LoginPageTest" name="Online_Type_Booking" time="3.086"/>
  <testcase classname="JaintTravels.testCases.LoginPageTest" name="Branch_Type_Booking" time="0.0">
    <ignored/>
  </testcase> <!-- Branch_Type_Booking -->
  <testcase classname="JaintTravels.testCases.LoginPageTest" name="Walkin_Type_Booking" time="0.0">
    <ignored/>
  </testcase> <!-- Walkin_Type_Booking -->
  <testcase classname="JaintTravels.testCases.LoginPageTest" name="Offline_Type_Booking" time="0.0">
    <ignored/>
  </testcase> <!-- Offline_Type_Booking -->
</testsuite> <!-- Online_Booking_Test -->
